<?xml version="1.0" encoding="UTF-8"?>
<testsuite name="QuestionATest" tests="4" skipped="0" failures="0" errors="0" timestamp="2015-08-25T13:17:34" hostname="zenvia-klein" time="0.011">
  <properties/>
  <testcase name="testStream1" classname="QuestionATest" time="0.009"/>
  <testcase name="testStream2" classname="QuestionATest" time="0.0"/>
  <testcase name="testStream3" classname="QuestionATest" time="0.0"/>
  <testcase name="testStream4" classname="QuestionATest" time="0.0"/>
  <system-out><![CDATA[]]></system-out>
  <system-err><![CDATA[]]></system-err>
</testsuite>
