<?xml version="1.0" encoding="UTF-8"?>
<testsuite name="QuestionATest" tests="3" skipped="0" failures="0" errors="0" timestamp="2015-08-25T00:19:01" hostname="klein-ubuntu" time="0.003">
  <properties/>
  <testcase name="testStream1" classname="QuestionATest" time="0.002"/>
  <testcase name="testStream2" classname="QuestionATest" time="0.0"/>
  <testcase name="testStream3" classname="QuestionATest" time="0.0"/>
  <system-out><![CDATA[]]></system-out>
  <system-err><![CDATA[]]></system-err>
</testsuite>
